<?xml version="1.0" encoding="UTF-8"?>
<testsuite name="com.generictest.TestClass" tests="1" skipped="0" failures="0" errors="0" timestamp="2021-06-06T12:19:36" hostname="DESKTOP-4QDC4A3" time="5.015">
  <properties/>
  <testcase name="givenThirdNumberAsMaxNumber_ShouldReturn_ThirdNumberAsMax" classname="com.generictest.TestClass" time="5.015"/>
  <system-out><![CDATA[]]></system-out>
  <system-err><![CDATA[]]></system-err>
</testsuite>
