<?xml version="1.0" encoding="UTF-8"?>
<testsuite name="com.generictest.TestClass" tests="1" skipped="0" failures="0" errors="0" timestamp="2021-06-07T10:28:02" hostname="DESKTOP-4QDC4A3" time="8.115">
  <properties/>
  <testcase name="givenFirstNumberAsMaxNumber_ShouldReturn_FirstNumberAsMax" classname="com.generictest.TestClass" time="8.115"/>
  <system-out><![CDATA[]]></system-out>
  <system-err><![CDATA[]]></system-err>
</testsuite>
